<?xml version="1.0" encoding="UTF-8"?>
<!-- Generated by org.testng.reporters.JUnitReportReporter -->
<testsuite skipped="0" hostname="DESKTOP-KHH25V5" name="org.tc001check.TestClass" tests="1" failures="0" timestamp="2019-12-14T16:38:09 IST" time="33.396" errors="0">
  <testcase name="getIntoPage" time="33.396" classname="org.tc001check.TestClass"/>
</testsuite> <!-- org.tc001check.TestClass -->
